TN:
SF:/Users/apple/Documents/repos/Angular-9-business-app/src/polyfills.ts
FNF:0
FNH:0
LF:0
LH:0
BRF:0
BRH:0
end_of_record
TN:
SF:/Users/apple/Documents/repos/Angular-9-business-app/src/test.ts
FNF:0
FNH:0
DA:18,1
DA:23,1
DA:25,1
LF:3
LH:3
BRF:0
BRH:0
end_of_record
TN:
SF:/Users/apple/Documents/repos/Angular-9-business-app/src/app/app.component.ts
FN:9,(anonymous_0)
FNF:1
FNH:1
FNDA:1,(anonymous_0)
DA:7,1
LF:1
LH:1
BRF:0
BRH:0
end_of_record
TN:
SF:/Users/apple/Documents/repos/Angular-9-business-app/src/app/modules/main/main-routing.module.ts
FNF:0
FNH:0
DA:6,1
DA:26,1
LF:2
LH:2
BRF:0
BRH:0
end_of_record
TN:
SF:/Users/apple/Documents/repos/Angular-9-business-app/src/app/modules/main/main.module.ts
FNF:0
FNH:0
DA:29,1
LF:1
LH:1
BRF:0
BRH:0
end_of_record
TN:
SF:/Users/apple/Documents/repos/Angular-9-business-app/src/app/modules/main/business-detail/business-detail.component.ts
FN:15,(anonymous_0)
FN:20,(anonymous_1)
FN:24,(anonymous_2)
FN:30,(anonymous_3)
FN:34,(anonymous_4)
FNF:5
FNH:5
FNDA:4,(anonymous_0)
FNDA:5,(anonymous_1)
FNDA:1,(anonymous_2)
FNDA:5,(anonymous_3)
FNDA:5,(anonymous_4)
DA:12,1
DA:16,4
DA:17,4
DA:21,5
DA:24,1
DA:31,5
DA:35,5
LF:7
LH:7
BRF:0
BRH:0
end_of_record
TN:
SF:/Users/apple/Documents/repos/Angular-9-business-app/src/app/modules/main/business-detail/review/review.component.ts
FN:12,(anonymous_0)
FNF:1
FNH:1
FNDA:1,(anonymous_0)
DA:9,1
DA:10,1
LF:2
LH:2
BRF:0
BRH:0
end_of_record
TN:
SF:/Users/apple/Documents/repos/Angular-9-business-app/src/app/modules/main/business-list/business-list.component.ts
FN:14,(anonymous_0)
FN:19,(anonymous_1)
FN:23,(anonymous_2)
FNF:3
FNH:3
FNDA:3,(anonymous_0)
FNDA:4,(anonymous_1)
FNDA:1,(anonymous_2)
DA:11,1
DA:15,3
DA:16,3
DA:20,4
DA:24,1
LF:5
LH:5
BRF:0
BRH:0
end_of_record
TN:
SF:/Users/apple/Documents/repos/Angular-9-business-app/src/app/modules/main/shared/business.service.ts
FN:12,(anonymous_0)
FN:16,(anonymous_1)
FN:18,(anonymous_2)
FN:18,(anonymous_3)
FN:27,(anonymous_4)
FN:31,(anonymous_5)
FN:33,(anonymous_6)
FNF:7
FNH:7
FNDA:11,(anonymous_0)
FNDA:12,(anonymous_1)
FNDA:1,(anonymous_2)
FNDA:1,(anonymous_3)
FNDA:5,(anonymous_4)
FNDA:5,(anonymous_5)
FNDA:1,(anonymous_6)
DA:8,1
DA:12,11
DA:13,11
DA:17,12
DA:18,1
DA:28,5
DA:32,5
DA:33,1
LF:8
LH:8
BRF:0
BRH:0
end_of_record
TN:
SF:/Users/apple/Documents/repos/Angular-9-business-app/src/app/modules/main/shared/rating/rating.component.ts
FN:12,(anonymous_0)
FN:18,(anonymous_1)
FN:18,(anonymous_2)
FN:14,(anonymous_3)
FNF:4
FNH:4
FNDA:4,(anonymous_0)
FNDA:9,(anonymous_1)
FNDA:45,(anonymous_2)
FNDA:5,(anonymous_3)
DA:8,1
DA:9,1
DA:10,4
DA:15,5
DA:18,45
LF:5
LH:5
BRF:0
BRH:0
end_of_record
TN:
SF:/Users/apple/Documents/repos/Angular-9-business-app/src/app/modules/shared/request-status.pipe.ts
FN:10,(anonymous_0)
FN:12,(anonymous_1)
FN:16,(anonymous_2)
FNF:3
FNH:3
FNDA:12,(anonymous_0)
FNDA:1,(anonymous_1)
FNDA:9,(anonymous_2)
DA:8,1
DA:11,12
DA:13,1
DA:16,9
LF:4
LH:4
BRDA:11,0,0,11
BRDA:11,0,1,1
BRDA:17,1,0,9
BRDA:17,1,1,1
BRDA:17,1,2,1
BRDA:17,1,3,1
BRF:6
BRH:6
end_of_record
TN:
SF:/Users/apple/Documents/repos/Angular-9-business-app/src/app/modules/shared/shared.module.ts
FNF:0
FNH:0
DA:25,1
LF:1
LH:1
BRF:0
BRH:0
end_of_record
TN:
SF:/Users/apple/Documents/repos/Angular-9-business-app/src/app/modules/shared/error-message/error-message.component.ts
FN:13,(anonymous_0)
FNF:1
FNH:1
FNDA:1,(anonymous_0)
DA:10,1
DA:11,1
LF:2
LH:2
BRF:0
BRH:0
end_of_record
TN:
SF:/Users/apple/Documents/repos/Angular-9-business-app/src/app/modules/shared/navbar/navbar.component.ts
FN:10,(anonymous_0)
FNF:1
FNH:1
FNDA:8,(anonymous_0)
DA:8,1
LF:1
LH:1
BRF:0
BRH:0
end_of_record
TN:
SF:/Users/apple/Documents/repos/Angular-9-business-app/src/app/modules/shared/spinner/spinner.component.ts
FN:10,(anonymous_0)
FNF:1
FNH:1
FNDA:8,(anonymous_0)
DA:8,1
LF:1
LH:1
BRF:0
BRH:0
end_of_record
